<?xml version="1.0" encoding="utf-8" standalone="no"?>
<test-run id="0" runstate="Runnable" testcasecount="12" result="Skipped" label="Ignored" total="12" passed="11" failed="0" warnings="0" inconclusive="0" skipped="1" asserts="31" engine-version="3.19.2.0" clr-version="8.0.13" start-time="2025-02-25 23:54:22Z" end-time="2025-02-25 23:54:23Z" duration="1.178305">
  <command-line><![CDATA[C:\PATH\nunit3-console\net8.0\nunit3-console.dll Retry.Tests.dll]]></command-line>
  <test-suite type="Assembly" id="1-1014" name="Retry.Tests.dll" fullname="C:\git\Retry\Retry.Tests\bin\Debug\net8.0\Retry.Tests.dll" runstate="Runnable" testcasecount="12" result="Skipped" label="Ignored" site="Child" start-time="2025-02-25T23:54:22.2390222Z" end-time="2025-02-25T23:54:23.2956138Z" duration="1.056577" total="12" passed="11" failed="0" warnings="0" inconclusive="0" skipped="1" asserts="31">
    <environment framework-version="4.3.2.0" clr-version="8.0.13" os-version="Microsoft Windows 10.0.26100" platform="Win32NT" cwd="C:\git\Retry\Retry.Tests\bin\Debug\net8.0" machine-name="DESKTOP" user="lyndy" user-domain="DESKTOP" culture="en-GB" uiculture="en-GB" os-architecture="x64" />
    <settings>
      <setting name="DisposeRunners" value="True" />
      <setting name="WorkDirectory" value="C:\git\Retry\Retry.Tests\bin\Debug\net8.0" />
      <setting name="NumberOfTestWorkers" value="16" />
    </settings>
    <properties>
      <property name="ParallelScope" value="All" />
      <property name="_PID" value="79652" />
      <property name="_APPDOMAIN" value="nunit3-console" />
    </properties>
    <reason>
      <message><![CDATA[One or more child tests were ignored]]></message>
    </reason>
    <test-suite type="TestSuite" id="1-1015" name="Retry" fullname="Retry" runstate="Runnable" testcasecount="12" result="Skipped" label="Ignored" site="Child" start-time="2025-02-25T23:54:22.2413676Z" end-time="2025-02-25T23:54:23.2956108Z" duration="1.054243" total="12" passed="11" failed="0" warnings="0" inconclusive="0" skipped="1" asserts="31">
      <reason>
        <message><![CDATA[One or more child tests were ignored]]></message>
      </reason>
      <test-suite type="TestSuite" id="1-1016" name="Tests" fullname="Retry.Tests" runstate="Runnable" testcasecount="12" result="Skipped" label="Ignored" site="Child" start-time="2025-02-25T23:54:22.2415171Z" end-time="2025-02-25T23:54:23.2956065Z" duration="1.054089" total="12" passed="11" failed="0" warnings="0" inconclusive="0" skipped="1" asserts="31">
        <reason>
          <message><![CDATA[One or more child tests were ignored]]></message>
        </reason>
        <test-suite type="TestFixture" id="1-1000" name="RetryConstructorTests" fullname="Retry.Tests.RetryConstructorTests" classname="Retry.Tests.RetryConstructorTests" runstate="Runnable" testcasecount="6" result="Passed" start-time="2025-02-25T23:54:22.2415588Z" end-time="2025-02-25T23:54:22.2485467Z" duration="0.006988" total="6" passed="6" failed="0" warnings="0" inconclusive="0" skipped="0" asserts="16">
          <test-case id="1-1001" name="Constructor_ValidParameters_ReturnsRetry" fullname="Retry.Tests.RetryConstructorTests.Constructor_ValidParameters_ReturnsRetry" methodname="Constructor_ValidParameters_ReturnsRetry" classname="Retry.Tests.RetryConstructorTests" runstate="Runnable" seed="319311676" result="Passed" start-time="2025-02-25T23:54:22.2425761Z" end-time="2025-02-25T23:54:22.2470101Z" duration="0.004434" asserts="1" />
          <test-case id="1-1002" name="Constructor_ZeroMaxWait_ThrowsArgumentException" fullname="Retry.Tests.RetryConstructorTests.Constructor_ZeroMaxWait_ThrowsArgumentException" methodname="Constructor_ZeroMaxWait_ThrowsArgumentException" classname="Retry.Tests.RetryConstructorTests" runstate="Runnable" seed="878555580" result="Passed" start-time="2025-02-25T23:54:22.2425790Z" end-time="2025-02-25T23:54:22.2481271Z" duration="0.005548" asserts="3" />
          <test-case id="1-1005" name="Constructor_PollingIntervalGreaterThanMaxWait_ThrowsArgumentException" fullname="Retry.Tests.RetryConstructorTests.Constructor_PollingIntervalGreaterThanMaxWait_ThrowsArgumentException" methodname="Constructor_PollingIntervalGreaterThanMaxWait_ThrowsArgumentException" classname="Retry.Tests.RetryConstructorTests" runstate="Runnable" seed="1409303812" result="Passed" start-time="2025-02-25T23:54:22.2425628Z" end-time="2025-02-25T23:54:22.2481289Z" duration="0.005566" asserts="3" />
          <test-case id="1-1004" name="Constructor_PollingIntervalEqualToMaxWait_ThrowsArgumentException" fullname="Retry.Tests.RetryConstructorTests.Constructor_PollingIntervalEqualToMaxWait_ThrowsArgumentException" methodname="Constructor_PollingIntervalEqualToMaxWait_ThrowsArgumentException" classname="Retry.Tests.RetryConstructorTests" runstate="Runnable" seed="1127661874" result="Passed" start-time="2025-02-25T23:54:22.2425592Z" end-time="2025-02-25T23:54:22.2481286Z" duration="0.005569" asserts="3" />
          <test-case id="1-1006" name="Constructor_NullDateTimeProvider_ThrowsArgumentNullException" fullname="Retry.Tests.RetryConstructorTests.Constructor_NullDateTimeProvider_ThrowsArgumentNullException" methodname="Constructor_NullDateTimeProvider_ThrowsArgumentNullException" classname="Retry.Tests.RetryConstructorTests" runstate="Runnable" seed="253279561" result="Passed" start-time="2025-02-25T23:54:22.2425585Z" end-time="2025-02-25T23:54:22.2481288Z" duration="0.005570" asserts="3" />
          <test-case id="1-1003" name="Constructor_ZeroPollingInterval_ThrowsArgumentException" fullname="Retry.Tests.RetryConstructorTests.Constructor_ZeroPollingInterval_ThrowsArgumentException" methodname="Constructor_ZeroPollingInterval_ThrowsArgumentException" classname="Retry.Tests.RetryConstructorTests" runstate="Runnable" seed="656195143" result="Passed" start-time="2025-02-25T23:54:22.2425813Z" end-time="2025-02-25T23:54:22.2481291Z" duration="0.005548" asserts="3" />
        </test-suite>
        <test-suite type="TestFixture" id="1-1007" name="RetryTests" fullname="Retry.Tests.RetryTests" classname="Retry.Tests.RetryTests" runstate="Runnable" testcasecount="6" result="Skipped" label="Ignored" site="Child" start-time="2025-02-25T23:54:22.2415591Z" end-time="2025-02-25T23:54:23.2955935Z" duration="1.054034" total="6" passed="5" failed="0" warnings="0" inconclusive="0" skipped="1" asserts="15">
          <reason>
            <message><![CDATA[One or more child tests were ignored]]></message>
          </reason>
          <test-case id="1-1008" name="Until_FunctionReturnsTrue_ExecutesOnce" fullname="Retry.Tests.RetryTests.Until_FunctionReturnsTrue_ExecutesOnce" methodname="Until_FunctionReturnsTrue_ExecutesOnce" classname="Retry.Tests.RetryTests" runstate="Ignored" seed="117209237" result="Skipped" label="Ignored" start-time="2025-02-25T23:54:22.2425876Z" end-time="2025-02-25T23:54:22.2436171Z" duration="0.001069" asserts="0">
            <properties>
              <property name="_SKIPREASON" value="ignoring a test for lulz" />
            </properties>
            <reason>
              <message><![CDATA[ignoring a test for lulz]]></message>
            </reason>
          </test-case>
          <test-case id="1-1009" name="Until_FunctionReturnsTrueOnSecondCycle_ExecutesTwice" fullname="Retry.Tests.RetryTests.Until_FunctionReturnsTrueOnSecondCycle_ExecutesTwice" methodname="Until_FunctionReturnsTrueOnSecondCycle_ExecutesTwice" classname="Retry.Tests.RetryTests" runstate="Runnable" seed="2059466526" result="Passed" start-time="2025-02-25T23:54:22.2425951Z" end-time="2025-02-25T23:54:22.3020151Z" duration="0.059420" asserts="1" />
          <test-case id="1-1012" name="Until_FunctionThrowsExceptionOnlyOnFirstCycle_DoesNotThrow" fullname="Retry.Tests.RetryTests.Until_FunctionThrowsExceptionOnlyOnFirstCycle_DoesNotThrow" methodname="Until_FunctionThrowsExceptionOnlyOnFirstCycle_DoesNotThrow" classname="Retry.Tests.RetryTests" runstate="Runnable" seed="503207748" result="Passed" start-time="2025-02-25T23:54:22.2426138Z" end-time="2025-02-25T23:54:22.3020210Z" duration="0.059407" asserts="1" />
          <test-case id="1-1011" name="Until_FunctionReturnsFalse_ThrowsTimeoutException" fullname="Retry.Tests.RetryTests.Until_FunctionReturnsFalse_ThrowsTimeoutException" methodname="Until_FunctionReturnsFalse_ThrowsTimeoutException" classname="Retry.Tests.RetryTests" runstate="Runnable" seed="310218279" result="Passed" start-time="2025-02-25T23:54:22.2425592Z" end-time="2025-02-25T23:54:22.3021804Z" duration="0.059621" asserts="5" />
          <test-case id="1-1013" name="Until_FunctionThrowsException_ThrowsTimeoutException" fullname="Retry.Tests.RetryTests.Until_FunctionThrowsException_ThrowsTimeoutException" methodname="Until_FunctionThrowsException_ThrowsTimeoutException" classname="Retry.Tests.RetryTests" runstate="Runnable" seed="2069037098" result="Passed" start-time="2025-02-25T23:54:22.2426042Z" end-time="2025-02-25T23:54:22.3031624Z" duration="0.060558" asserts="6" />
          <test-case id="1-1010" name="Until_WithPollingInterval_CorrectlyAwaitsPollingIntervalBeforeSecondCycle" fullname="Retry.Tests.RetryTests.Until_WithPollingInterval_CorrectlyAwaitsPollingIntervalBeforeSecondCycle" methodname="Until_WithPollingInterval_CorrectlyAwaitsPollingIntervalBeforeSecondCycle" classname="Retry.Tests.RetryTests" runstate="Runnable" seed="792580099" result="Passed" start-time="2025-02-25T23:54:22.2426164Z" end-time="2025-02-25T23:54:23.2955100Z" duration="1.052896" asserts="2" />
        </test-suite>
      </test-suite>
    </test-suite>
  </test-suite>
</test-run>