<?xml version="1.0" encoding="utf-8" standalone="no"?>
<test-run id="0" runstate="Runnable" testcasecount="14" result="Passed" total="14" passed="14" failed="0" warnings="0" inconclusive="0" skipped="0" asserts="18" engine-version="3.19.2.0" clr-version="8.0.13" start-time="2025-02-26 21:52:59Z" end-time="2025-02-26 21:54:17Z" duration="78.403724">
  <command-line><![CDATA[C:\PATH\nunit3-console\net8.0\nunit3-console.dll bin/Debug/net8.0/Fibonacci.Tests.dll]]></command-line>
  <test-suite type="Assembly" id="1-1018" name="Fibonacci.Tests.dll" fullname="C:\git\Fibonacci\Fibonacci.Tests\bin\Debug\net8.0\Fibonacci.Tests.dll" runstate="Runnable" testcasecount="14" result="Passed" start-time="2025-02-26T21:52:59.5003930Z" end-time="2025-02-26T21:54:17.6798844Z" duration="78.179478" total="14" passed="14" failed="0" warnings="0" inconclusive="0" skipped="0" asserts="18">
    <environment framework-version="4.0.1.0" clr-version="8.0.13" os-version="Microsoft Windows 10.0.26100" platform="Win32NT" cwd="C:\git\Fibonacci\Fibonacci.Tests" machine-name="DESKTOP" user="lyndy" user-domain="DESKTOP" culture="en-GB" uiculture="en-GB" os-architecture="x64" />
    <settings>
      <setting name="DisposeRunners" value="True" />
      <setting name="WorkDirectory" value="C:\git\Fibonacci\Fibonacci.Tests" />
      <setting name="NumberOfTestWorkers" value="16" />
    </settings>
    <properties>
      <property name="ParallelScope" value="All" />
      <property name="_PID" value="127040" />
      <property name="_APPDOMAIN" value="nunit3-console" />
    </properties>
    <test-suite type="TestSuite" id="1-1019" name="Fibonacci" fullname="Fibonacci" runstate="Runnable" testcasecount="14" result="Passed" start-time="2025-02-26T21:52:59.5030519Z" end-time="2025-02-26T21:54:17.6798803Z" duration="78.176828" total="14" passed="14" failed="0" warnings="0" inconclusive="0" skipped="0" asserts="18">
      <test-suite type="TestSuite" id="1-1020" name="Tests" fullname="Fibonacci.Tests" runstate="Runnable" testcasecount="14" result="Passed" start-time="2025-02-26T21:52:59.5031716Z" end-time="2025-02-26T21:54:17.6798758Z" duration="78.176704" total="14" passed="14" failed="0" warnings="0" inconclusive="0" skipped="0" asserts="18">
        <test-suite type="TestFixture" id="1-1000" name="FibonacciIterativeTests" fullname="Fibonacci.Tests.FibonacciIterativeTests" classname="Fibonacci.Tests.FibonacciIterativeTests" runstate="Runnable" testcasecount="7" result="Passed" start-time="2025-02-26T21:52:59.5032108Z" end-time="2025-02-26T21:52:59.5294161Z" duration="0.026205" total="7" passed="7" failed="0" warnings="0" inconclusive="0" skipped="0" asserts="9">
          <test-case id="1-1007" name="GetSequence_LengthIsZero_ReturnsEmptyList" fullname="Fibonacci.Tests.FibonacciIterativeTests.GetSequence_LengthIsZero_ReturnsEmptyList" methodname="GetSequence_LengthIsZero_ReturnsEmptyList" classname="Fibonacci.Tests.FibonacciIterativeTests" runstate="Runnable" seed="628445984" result="Passed" start-time="2025-02-26T21:52:59.5044154Z" end-time="2025-02-26T21:52:59.5257586Z" duration="0.021376" asserts="1" />
          <test-case id="1-1006" name="GetSequence_LengthIsNegative_ThrowsArgumentException" fullname="Fibonacci.Tests.FibonacciIterativeTests.GetSequence_LengthIsNegative_ThrowsArgumentException" methodname="GetSequence_LengthIsNegative_ThrowsArgumentException" classname="Fibonacci.Tests.FibonacciIterativeTests" runstate="Runnable" seed="1805576926" result="Passed" start-time="2025-02-26T21:52:59.5044045Z" end-time="2025-02-26T21:52:59.5268300Z" duration="0.022426" asserts="2" />
          <test-case id="1-1005" name="Get_NIsLessThanZero_ThrowsArgumentException" fullname="Fibonacci.Tests.FibonacciIterativeTests.Get_NIsLessThanZero_ThrowsArgumentException" methodname="Get_NIsLessThanZero_ThrowsArgumentException" classname="Fibonacci.Tests.FibonacciIterativeTests" runstate="Runnable" seed="525209801" result="Passed" start-time="2025-02-26T21:52:59.5042555Z" end-time="2025-02-26T21:52:59.5268320Z" duration="0.022576" asserts="2" />
          <test-case id="1-1008" name="GetSequence_LengthIsTwenty_ReturnsFirstTwentyFibonacciNumbers" fullname="Fibonacci.Tests.FibonacciIterativeTests.GetSequence_LengthIsTwenty_ReturnsFirstTwentyFibonacciNumbers" methodname="GetSequence_LengthIsTwenty_ReturnsFirstTwentyFibonacciNumbers" classname="Fibonacci.Tests.FibonacciIterativeTests" runstate="Runnable" seed="475674966" result="Passed" start-time="2025-02-26T21:52:59.5044123Z" end-time="2025-02-26T21:52:59.5292612Z" duration="0.024849" asserts="1" />
          <test-suite type="ParameterizedMethod" id="1-1004" name="Get_WhenNIs_ReturnsExpectedInt" fullname="Fibonacci.Tests.FibonacciIterativeTests.Get_WhenNIs_ReturnsExpectedInt" classname="Fibonacci.Tests.FibonacciIterativeTests" runstate="Runnable" testcasecount="3" result="Passed" start-time="2025-02-26T21:52:59.5042648Z" end-time="2025-02-26T21:52:59.5292760Z" duration="0.025011" total="3" passed="3" failed="0" warnings="0" inconclusive="0" skipped="0" asserts="3">
            <test-case id="1-1001" name="Get_WhenNIs_ReturnsExpectedInt(0,0)" fullname="Fibonacci.Tests.FibonacciIterativeTests.Get_WhenNIs_ReturnsExpectedInt(0,0)" methodname="Get_WhenNIs_ReturnsExpectedInt" classname="Fibonacci.Tests.FibonacciIterativeTests" runstate="Runnable" seed="1248198210" result="Passed" start-time="2025-02-26T21:52:59.5043686Z" end-time="2025-02-26T21:52:59.5286156Z" duration="0.024247" asserts="1" />
            <test-case id="1-1003" name="Get_WhenNIs_ReturnsExpectedInt(46,1836311903)" fullname="Fibonacci.Tests.FibonacciIterativeTests.Get_WhenNIs_ReturnsExpectedInt(46,1836311903)" methodname="Get_WhenNIs_ReturnsExpectedInt" classname="Fibonacci.Tests.FibonacciIterativeTests" runstate="Runnable" seed="777157999" result="Passed" start-time="2025-02-26T21:52:59.5044000Z" end-time="2025-02-26T21:52:59.5288675Z" duration="0.024468" asserts="1" />
            <test-case id="1-1002" name="Get_WhenNIs_ReturnsExpectedInt(1,1)" fullname="Fibonacci.Tests.FibonacciIterativeTests.Get_WhenNIs_ReturnsExpectedInt(1,1)" methodname="Get_WhenNIs_ReturnsExpectedInt" classname="Fibonacci.Tests.FibonacciIterativeTests" runstate="Runnable" seed="1458569075" result="Passed" start-time="2025-02-26T21:52:59.5043966Z" end-time="2025-02-26T21:52:59.5288896Z" duration="0.024493" asserts="1" />
          </test-suite>
        </test-suite>
        <test-suite type="TestFixture" id="1-1009" name="FibonacciRecursiveTests" fullname="Fibonacci.Tests.FibonacciRecursiveTests" classname="Fibonacci.Tests.FibonacciRecursiveTests" runstate="Runnable" testcasecount="7" result="Passed" start-time="2025-02-26T21:52:59.5032141Z" end-time="2025-02-26T21:54:17.6798651Z" duration="78.176651" total="7" passed="7" failed="0" warnings="0" inconclusive="0" skipped="0" asserts="9">
          <test-case id="1-1016" name="GetSequence_LengthIsZero_ReturnsEmptyList" fullname="Fibonacci.Tests.FibonacciRecursiveTests.GetSequence_LengthIsZero_ReturnsEmptyList" methodname="GetSequence_LengthIsZero_ReturnsEmptyList" classname="Fibonacci.Tests.FibonacciRecursiveTests" runstate="Runnable" seed="647136560" result="Passed" start-time="2025-02-26T21:52:59.5043854Z" end-time="2025-02-26T21:52:59.5257591Z" duration="0.021410" asserts="1" />
          <test-case id="1-1015" name="GetSequence_LengthIsNegative_ThrowsArgumentException" fullname="Fibonacci.Tests.FibonacciRecursiveTests.GetSequence_LengthIsNegative_ThrowsArgumentException" methodname="GetSequence_LengthIsNegative_ThrowsArgumentException" classname="Fibonacci.Tests.FibonacciRecursiveTests" runstate="Runnable" seed="2091306161" result="Passed" start-time="2025-02-26T21:52:59.5043744Z" end-time="2025-02-26T21:52:59.5268203Z" duration="0.022446" asserts="2" />
          <test-case id="1-1014" name="Get_NIsLessThanZero_ThrowsArgumentException" fullname="Fibonacci.Tests.FibonacciRecursiveTests.Get_NIsLessThanZero_ThrowsArgumentException" methodname="Get_NIsLessThanZero_ThrowsArgumentException" classname="Fibonacci.Tests.FibonacciRecursiveTests" runstate="Runnable" seed="1167779189" result="Passed" start-time="2025-02-26T21:52:59.5042551Z" end-time="2025-02-26T21:52:59.5268352Z" duration="0.022580" asserts="2" />
          <test-case id="1-1017" name="GetSequence_LengthIsTwenty_ReturnsFirstTwentyFibonacciNumbers" fullname="Fibonacci.Tests.FibonacciRecursiveTests.GetSequence_LengthIsTwenty_ReturnsFirstTwentyFibonacciNumbers" methodname="GetSequence_LengthIsTwenty_ReturnsFirstTwentyFibonacciNumbers" classname="Fibonacci.Tests.FibonacciRecursiveTests" runstate="Runnable" seed="1588535374" result="Passed" start-time="2025-02-26T21:52:59.5043826Z" end-time="2025-02-26T21:52:59.5292604Z" duration="0.024878" asserts="1" />
          <test-suite type="ParameterizedMethod" id="1-1013" name="Get_WhenNIs_ReturnsExpectedInt" fullname="Fibonacci.Tests.FibonacciRecursiveTests.Get_WhenNIs_ReturnsExpectedInt" classname="Fibonacci.Tests.FibonacciRecursiveTests" runstate="Runnable" testcasecount="3" result="Passed" start-time="2025-02-26T21:52:59.5042553Z" end-time="2025-02-26T21:54:17.6798108Z" duration="78.175555" total="3" passed="3" failed="0" warnings="0" inconclusive="0" skipped="0" asserts="3">
            <test-case id="1-1010" name="Get_WhenNIs_ReturnsExpectedInt(0,0)" fullname="Fibonacci.Tests.FibonacciRecursiveTests.Get_WhenNIs_ReturnsExpectedInt(0,0)" methodname="Get_WhenNIs_ReturnsExpectedInt" classname="Fibonacci.Tests.FibonacciRecursiveTests" runstate="Runnable" seed="1225315047" result="Passed" start-time="2025-02-26T21:52:59.5043660Z" end-time="2025-02-26T21:52:59.5288689Z" duration="0.024503" asserts="1" />
            <test-case id="1-1011" name="Get_WhenNIs_ReturnsExpectedInt(1,1)" fullname="Fibonacci.Tests.FibonacciRecursiveTests.Get_WhenNIs_ReturnsExpectedInt(1,1)" methodname="Get_WhenNIs_ReturnsExpectedInt" classname="Fibonacci.Tests.FibonacciRecursiveTests" runstate="Runnable" seed="211327928" result="Passed" start-time="2025-02-26T21:52:59.5043707Z" end-time="2025-02-26T21:52:59.5288815Z" duration="0.024511" asserts="1" />
            <test-case id="1-1012" name="Get_WhenNIs_ReturnsExpectedInt(46,1836311903)" fullname="Fibonacci.Tests.FibonacciRecursiveTests.Get_WhenNIs_ReturnsExpectedInt(46,1836311903)" methodname="Get_WhenNIs_ReturnsExpectedInt" classname="Fibonacci.Tests.FibonacciRecursiveTests" runstate="Runnable" seed="781317462" result="Passed" start-time="2025-02-26T21:52:59.5043704Z" end-time="2025-02-26T21:54:17.6797733Z" duration="78.175405" asserts="1" />
          </test-suite>
        </test-suite>
      </test-suite>
    </test-suite>
  </test-suite>
</test-run>