<?xml version="1.0" encoding="utf-8" standalone="no"?>
<test-run id="0" runstate="Runnable" testcasecount="12" result="Passed" total="12" passed="12" failed="0" warnings="0" inconclusive="0" skipped="0" asserts="32" engine-version="3.19.2.0" clr-version="8.0.13" start-time="2025-02-23 18:10:16Z" end-time="2025-02-23 18:10:17Z" duration="1.271509">
  <command-line><![CDATA[C:\PATH\nunit3-console\net8.0\nunit3-console.dll ./Retry.Tests/bin/Debug/net8.0/Retry.Tests.dll]]></command-line>
  <test-suite type="Assembly" id="1-1014" name="Retry.Tests.dll" fullname="C:\git\Retry\Retry.Tests\bin\Debug\net8.0\Retry.Tests.dll" runstate="Runnable" testcasecount="12" result="Passed" start-time="2025-02-23T18:10:16.3202663Z" end-time="2025-02-23T18:10:17.3855674Z" duration="1.065288" total="12" passed="12" failed="0" warnings="0" inconclusive="0" skipped="0" asserts="32">
    <environment framework-version="4.3.2.0" clr-version="8.0.13" os-version="Microsoft Windows 10.0.26100" platform="Win32NT" cwd="C:\git\Retry" machine-name="DESKTOP" user="lyndy" user-domain="DESKTOP" culture="en-GB" uiculture="en-GB" os-architecture="x64" />
    <settings>
      <setting name="DisposeRunners" value="True" />
      <setting name="WorkDirectory" value="C:\git\Retry" />
      <setting name="NumberOfTestWorkers" value="16" />
    </settings>
    <properties>
      <property name="ParallelScope" value="All" />
      <property name="_PID" value="55772" />
      <property name="_APPDOMAIN" value="nunit3-console" />
    </properties>
    <test-suite type="TestSuite" id="1-1015" name="Retry" fullname="Retry" runstate="Runnable" testcasecount="12" result="Passed" start-time="2025-02-23T18:10:16.3225843Z" end-time="2025-02-23T18:10:17.3855632Z" duration="1.062979" total="12" passed="12" failed="0" warnings="0" inconclusive="0" skipped="0" asserts="32">
      <test-suite type="TestSuite" id="1-1016" name="Tests" fullname="Retry.Tests" runstate="Runnable" testcasecount="12" result="Passed" start-time="2025-02-23T18:10:16.3227119Z" end-time="2025-02-23T18:10:17.3855595Z" duration="1.062848" total="12" passed="12" failed="0" warnings="0" inconclusive="0" skipped="0" asserts="32">
        <test-suite type="TestFixture" id="1-1000" name="RetryConstructorTests" fullname="Retry.Tests.RetryConstructorTests" classname="Retry.Tests.RetryConstructorTests" runstate="Runnable" testcasecount="6" result="Passed" start-time="2025-02-23T18:10:16.3227627Z" end-time="2025-02-23T18:10:16.3298252Z" duration="0.007062" total="6" passed="6" failed="0" warnings="0" inconclusive="0" skipped="0" asserts="16">
          <test-case id="1-1001" name="Constructor_ValidParameters_ReturnsRetry" fullname="Retry.Tests.RetryConstructorTests.Constructor_ValidParameters_ReturnsRetry" methodname="Constructor_ValidParameters_ReturnsRetry" classname="Retry.Tests.RetryConstructorTests" runstate="Runnable" seed="1736395274" result="Passed" start-time="2025-02-23T18:10:16.3237485Z" end-time="2025-02-23T18:10:16.3282720Z" duration="0.004549" asserts="1" />
          <test-case id="1-1006" name="Constructor_NullDateTimeProvider_ThrowsArgumentNullException" fullname="Retry.Tests.RetryConstructorTests.Constructor_NullDateTimeProvider_ThrowsArgumentNullException" methodname="Constructor_NullDateTimeProvider_ThrowsArgumentNullException" classname="Retry.Tests.RetryConstructorTests" runstate="Runnable" seed="122699635" result="Passed" start-time="2025-02-23T18:10:16.3237444Z" end-time="2025-02-23T18:10:16.3294043Z" duration="0.005660" asserts="3" />
          <test-case id="1-1002" name="Constructor_ZeroMaxWait_ThrowsArgumentException" fullname="Retry.Tests.RetryConstructorTests.Constructor_ZeroMaxWait_ThrowsArgumentException" methodname="Constructor_ZeroMaxWait_ThrowsArgumentException" classname="Retry.Tests.RetryConstructorTests" runstate="Runnable" seed="543897017" result="Passed" start-time="2025-02-23T18:10:16.3237495Z" end-time="2025-02-23T18:10:16.3294049Z" duration="0.005655" asserts="3" />
          <test-case id="1-1004" name="Constructor_PollingIntervalEqualToMaxWait_ThrowsArgumentException" fullname="Retry.Tests.RetryConstructorTests.Constructor_PollingIntervalEqualToMaxWait_ThrowsArgumentException" methodname="Constructor_PollingIntervalEqualToMaxWait_ThrowsArgumentException" classname="Retry.Tests.RetryConstructorTests" runstate="Runnable" seed="2082741864" result="Passed" start-time="2025-02-23T18:10:16.3237447Z" end-time="2025-02-23T18:10:16.3294057Z" duration="0.005657" asserts="3" />
          <test-case id="1-1003" name="Constructor_ZeroPollingInterval_ThrowsArgumentException" fullname="Retry.Tests.RetryConstructorTests.Constructor_ZeroPollingInterval_ThrowsArgumentException" methodname="Constructor_ZeroPollingInterval_ThrowsArgumentException" classname="Retry.Tests.RetryConstructorTests" runstate="Runnable" seed="300089673" result="Passed" start-time="2025-02-23T18:10:16.3237504Z" end-time="2025-02-23T18:10:16.3294054Z" duration="0.005655" asserts="3" />
          <test-case id="1-1005" name="Constructor_PollingIntervalGreaterThanMaxWait_ThrowsArgumentException" fullname="Retry.Tests.RetryConstructorTests.Constructor_PollingIntervalGreaterThanMaxWait_ThrowsArgumentException" methodname="Constructor_PollingIntervalGreaterThanMaxWait_ThrowsArgumentException" classname="Retry.Tests.RetryConstructorTests" runstate="Runnable" seed="2124476735" result="Passed" start-time="2025-02-23T18:10:16.3237447Z" end-time="2025-02-23T18:10:16.3294047Z" duration="0.005660" asserts="3" />
        </test-suite>
        <test-suite type="TestFixture" id="1-1007" name="RetryTests" fullname="Retry.Tests.RetryTests" classname="Retry.Tests.RetryTests" runstate="Runnable" testcasecount="6" result="Passed" start-time="2025-02-23T18:10:16.3227623Z" end-time="2025-02-23T18:10:17.3855469Z" duration="1.062785" total="6" passed="6" failed="0" warnings="0" inconclusive="0" skipped="0" asserts="16">
          <test-case id="1-1008" name="Until_FunctionReturnsTrue_ExecutesOnce" fullname="Retry.Tests.RetryTests.Until_FunctionReturnsTrue_ExecutesOnce" methodname="Until_FunctionReturnsTrue_ExecutesOnce" classname="Retry.Tests.RetryTests" runstate="Runnable" seed="167081351" result="Passed" start-time="2025-02-23T18:10:16.3237664Z" end-time="2025-02-23T18:10:16.3735373Z" duration="0.049771" asserts="1" />
          <test-case id="1-1012" name="Until_FunctionThrowsExceptionOnlyOnFirstCycle_DoesNotThrow" fullname="Retry.Tests.RetryTests.Until_FunctionThrowsExceptionOnlyOnFirstCycle_DoesNotThrow" methodname="Until_FunctionThrowsExceptionOnlyOnFirstCycle_DoesNotThrow" classname="Retry.Tests.RetryTests" runstate="Runnable" seed="1830773100" result="Passed" start-time="2025-02-23T18:10:16.3237771Z" end-time="2025-02-23T18:10:16.3818464Z" duration="0.058070" asserts="1" />
          <test-case id="1-1009" name="Until_FunctionReturnsTrueOnSecondCycle_ExecutesTwice" fullname="Retry.Tests.RetryTests.Until_FunctionReturnsTrueOnSecondCycle_ExecutesTwice" methodname="Until_FunctionReturnsTrueOnSecondCycle_ExecutesTwice" classname="Retry.Tests.RetryTests" runstate="Runnable" seed="963528973" result="Passed" start-time="2025-02-23T18:10:16.3237725Z" end-time="2025-02-23T18:10:16.3818644Z" duration="0.058092" asserts="1" />
          <test-case id="1-1011" name="Until_FunctionReturnsFalse_ThrowsTimeoutException" fullname="Retry.Tests.RetryTests.Until_FunctionReturnsFalse_ThrowsTimeoutException" methodname="Until_FunctionReturnsFalse_ThrowsTimeoutException" classname="Retry.Tests.RetryTests" runstate="Runnable" seed="335889394" result="Passed" start-time="2025-02-23T18:10:16.3237451Z" end-time="2025-02-23T18:10:16.3821898Z" duration="0.058445" asserts="5" />
          <test-case id="1-1013" name="Until_FunctionThrowsException_ThrowsTimeoutException" fullname="Retry.Tests.RetryTests.Until_FunctionThrowsException_ThrowsTimeoutException" methodname="Until_FunctionThrowsException_ThrowsTimeoutException" classname="Retry.Tests.RetryTests" runstate="Runnable" seed="614238197" result="Passed" start-time="2025-02-23T18:10:16.3237733Z" end-time="2025-02-23T18:10:16.3830614Z" duration="0.059288" asserts="6" />
          <test-case id="1-1010" name="Until_WithPollingInterval_CorrectlyAwaitsPollingIntervalBeforeSecondCycle" fullname="Retry.Tests.RetryTests.Until_WithPollingInterval_CorrectlyAwaitsPollingIntervalBeforeSecondCycle" methodname="Until_WithPollingInterval_CorrectlyAwaitsPollingIntervalBeforeSecondCycle" classname="Retry.Tests.RetryTests" runstate="Runnable" seed="146362939" result="Passed" start-time="2025-02-23T18:10:16.3237815Z" end-time="2025-02-23T18:10:17.3854601Z" duration="1.061681" asserts="2" />
        </test-suite>
      </test-suite>
    </test-suite>
  </test-suite>
</test-run>