<?xml version="1.0" encoding="utf-8" standalone="no"?>
<test-run id="0" runstate="Runnable" testcasecount="12" result="Passed" total="12" passed="11" failed="0" warnings="0" inconclusive="0" skipped="1" asserts="31" engine-version="3.19.2.0" clr-version="8.0.13" start-time="2025-02-25 23:55:30Z" end-time="2025-02-25 23:55:32Z" duration="1.189375">
  <command-line><![CDATA[C:\PATH\nunit3-console\net8.0\nunit3-console.dll Retry.Tests.dll]]></command-line>
  <test-suite type="Assembly" id="1-1014" name="Retry.Tests.dll" fullname="C:\git\Retry\Retry.Tests\bin\Debug\net8.0\Retry.Tests.dll" runstate="Runnable" testcasecount="12" result="Passed" start-time="2025-02-25T23:55:30.9431610Z" end-time="2025-02-25T23:55:32.0099546Z" duration="1.066779" total="12" passed="11" failed="0" warnings="0" inconclusive="0" skipped="1" asserts="31">
    <environment framework-version="4.3.2.0" clr-version="8.0.13" os-version="Microsoft Windows 10.0.26100" platform="Win32NT" cwd="C:\git\Retry\Retry.Tests\bin\Debug\net8.0" machine-name="DESKTOP" user="lyndy" user-domain="DESKTOP" culture="en-GB" uiculture="en-GB" os-architecture="x64" />
    <settings>
      <setting name="DisposeRunners" value="True" />
      <setting name="WorkDirectory" value="C:\git\Retry\Retry.Tests\bin\Debug\net8.0" />
      <setting name="NumberOfTestWorkers" value="16" />
    </settings>
    <properties>
      <property name="ParallelScope" value="All" />
      <property name="_PID" value="105232" />
      <property name="_APPDOMAIN" value="nunit3-console" />
    </properties>
    <test-suite type="TestSuite" id="1-1015" name="Retry" fullname="Retry" runstate="Runnable" testcasecount="12" result="Passed" start-time="2025-02-25T23:55:30.9453875Z" end-time="2025-02-25T23:55:32.0099509Z" duration="1.064563" total="12" passed="11" failed="0" warnings="0" inconclusive="0" skipped="1" asserts="31">
      <test-suite type="TestSuite" id="1-1016" name="Tests" fullname="Retry.Tests" runstate="Runnable" testcasecount="12" result="Passed" start-time="2025-02-25T23:55:30.9454969Z" end-time="2025-02-25T23:55:32.0099473Z" duration="1.064450" total="12" passed="11" failed="0" warnings="0" inconclusive="0" skipped="1" asserts="31">
        <test-suite type="TestFixture" id="1-1000" name="RetryConstructorTests" fullname="Retry.Tests.RetryConstructorTests" classname="Retry.Tests.RetryConstructorTests" runstate="Runnable" testcasecount="6" result="Passed" start-time="2025-02-25T23:55:30.9455346Z" end-time="2025-02-25T23:55:30.9526098Z" duration="0.007075" total="6" passed="6" failed="0" warnings="0" inconclusive="0" skipped="0" asserts="16">
          <test-case id="1-1001" name="Constructor_ValidParameters_ReturnsRetry" fullname="Retry.Tests.RetryConstructorTests.Constructor_ValidParameters_ReturnsRetry" methodname="Constructor_ValidParameters_ReturnsRetry" classname="Retry.Tests.RetryConstructorTests" runstate="Runnable" seed="642246522" result="Passed" start-time="2025-02-25T23:55:30.9466121Z" end-time="2025-02-25T23:55:30.9510855Z" duration="0.004474" asserts="1" />
          <test-case id="1-1003" name="Constructor_ZeroPollingInterval_ThrowsArgumentException" fullname="Retry.Tests.RetryConstructorTests.Constructor_ZeroPollingInterval_ThrowsArgumentException" methodname="Constructor_ZeroPollingInterval_ThrowsArgumentException" classname="Retry.Tests.RetryConstructorTests" runstate="Runnable" seed="49216136" result="Passed" start-time="2025-02-25T23:55:30.9466230Z" end-time="2025-02-25T23:55:30.9520880Z" duration="0.005465" asserts="3" />
          <test-case id="1-1006" name="Constructor_NullDateTimeProvider_ThrowsArgumentNullException" fullname="Retry.Tests.RetryConstructorTests.Constructor_NullDateTimeProvider_ThrowsArgumentNullException" methodname="Constructor_NullDateTimeProvider_ThrowsArgumentNullException" classname="Retry.Tests.RetryConstructorTests" runstate="Runnable" seed="1973666907" result="Passed" start-time="2025-02-25T23:55:30.9465672Z" end-time="2025-02-25T23:55:30.9520884Z" duration="0.005521" asserts="3" />
          <test-case id="1-1004" name="Constructor_PollingIntervalEqualToMaxWait_ThrowsArgumentException" fullname="Retry.Tests.RetryConstructorTests.Constructor_PollingIntervalEqualToMaxWait_ThrowsArgumentException" methodname="Constructor_PollingIntervalEqualToMaxWait_ThrowsArgumentException" classname="Retry.Tests.RetryConstructorTests" runstate="Runnable" seed="1877826855" result="Passed" start-time="2025-02-25T23:55:30.9466035Z" end-time="2025-02-25T23:55:30.9520887Z" duration="0.005485" asserts="3" />
          <test-case id="1-1005" name="Constructor_PollingIntervalGreaterThanMaxWait_ThrowsArgumentException" fullname="Retry.Tests.RetryConstructorTests.Constructor_PollingIntervalGreaterThanMaxWait_ThrowsArgumentException" methodname="Constructor_PollingIntervalGreaterThanMaxWait_ThrowsArgumentException" classname="Retry.Tests.RetryConstructorTests" runstate="Runnable" seed="1231177638" result="Passed" start-time="2025-02-25T23:55:30.9466059Z" end-time="2025-02-25T23:55:30.9520891Z" duration="0.005483" asserts="3" />
          <test-case id="1-1002" name="Constructor_ZeroMaxWait_ThrowsArgumentException" fullname="Retry.Tests.RetryConstructorTests.Constructor_ZeroMaxWait_ThrowsArgumentException" methodname="Constructor_ZeroMaxWait_ThrowsArgumentException" classname="Retry.Tests.RetryConstructorTests" runstate="Runnable" seed="2060493725" result="Passed" start-time="2025-02-25T23:55:30.9466191Z" end-time="2025-02-25T23:55:30.9520881Z" duration="0.005469" asserts="3" />
        </test-suite>
        <test-suite type="TestFixture" id="1-1007" name="RetryTests" fullname="Retry.Tests.RetryTests" classname="Retry.Tests.RetryTests" runstate="Runnable" testcasecount="6" result="Passed" start-time="2025-02-25T23:55:30.9455357Z" end-time="2025-02-25T23:55:32.0099359Z" duration="1.064400" total="6" passed="5" failed="0" warnings="0" inconclusive="0" skipped="1" asserts="15">
          <test-case id="1-1008" name="Until_FunctionReturnsTrue_ExecutesOnce" fullname="Retry.Tests.RetryTests.Until_FunctionReturnsTrue_ExecutesOnce" methodname="Until_FunctionReturnsTrue_ExecutesOnce" classname="Retry.Tests.RetryTests" runstate="Explicit" seed="2044956643" result="Skipped" label="Explicit" start-time="2025-02-25T23:55:30.9465674Z" end-time="2025-02-25T23:55:30.9476375Z" duration="0.001101" asserts="0">
            <properties>
              <property name="_SKIPREASON" value="test marked explicit" />
            </properties>
            <reason>
              <message><![CDATA[test marked explicit]]></message>
            </reason>
          </test-case>
          <test-case id="1-1009" name="Until_FunctionReturnsTrueOnSecondCycle_ExecutesTwice" fullname="Retry.Tests.RetryTests.Until_FunctionReturnsTrueOnSecondCycle_ExecutesTwice" methodname="Until_FunctionReturnsTrueOnSecondCycle_ExecutesTwice" classname="Retry.Tests.RetryTests" runstate="Runnable" seed="1437386804" result="Passed" start-time="2025-02-25T23:55:30.9465676Z" end-time="2025-02-25T23:55:31.0040523Z" duration="0.057485" asserts="1" />
          <test-case id="1-1012" name="Until_FunctionThrowsExceptionOnlyOnFirstCycle_DoesNotThrow" fullname="Retry.Tests.RetryTests.Until_FunctionThrowsExceptionOnlyOnFirstCycle_DoesNotThrow" methodname="Until_FunctionThrowsExceptionOnlyOnFirstCycle_DoesNotThrow" classname="Retry.Tests.RetryTests" runstate="Runnable" seed="720012288" result="Passed" start-time="2025-02-25T23:55:30.9465721Z" end-time="2025-02-25T23:55:31.0040586Z" duration="0.057487" asserts="1" />
          <test-case id="1-1011" name="Until_FunctionReturnsFalse_ThrowsTimeoutException" fullname="Retry.Tests.RetryTests.Until_FunctionReturnsFalse_ThrowsTimeoutException" methodname="Until_FunctionReturnsFalse_ThrowsTimeoutException" classname="Retry.Tests.RetryTests" runstate="Runnable" seed="57165184" result="Passed" start-time="2025-02-25T23:55:30.9465665Z" end-time="2025-02-25T23:55:31.0041719Z" duration="0.057605" asserts="5" />
          <test-case id="1-1013" name="Until_FunctionThrowsException_ThrowsTimeoutException" fullname="Retry.Tests.RetryTests.Until_FunctionThrowsException_ThrowsTimeoutException" methodname="Until_FunctionThrowsException_ThrowsTimeoutException" classname="Retry.Tests.RetryTests" runstate="Runnable" seed="2112138141" result="Passed" start-time="2025-02-25T23:55:30.9465683Z" end-time="2025-02-25T23:55:31.0049550Z" duration="0.058387" asserts="6" />
          <test-case id="1-1010" name="Until_WithPollingInterval_CorrectlyAwaitsPollingIntervalBeforeSecondCycle" fullname="Retry.Tests.RetryTests.Until_WithPollingInterval_CorrectlyAwaitsPollingIntervalBeforeSecondCycle" methodname="Until_WithPollingInterval_CorrectlyAwaitsPollingIntervalBeforeSecondCycle" classname="Retry.Tests.RetryTests" runstate="Runnable" seed="370061970" result="Passed" start-time="2025-02-25T23:55:30.9465940Z" end-time="2025-02-25T23:55:32.0098402Z" duration="1.063248" asserts="2" />
        </test-suite>
      </test-suite>
    </test-suite>
  </test-suite>
</test-run>