<?xml version="1.0" encoding="utf-8" standalone="no"?>
<test-run id="0" runstate="Runnable" testcasecount="12" result="Failed" total="12" passed="11" failed="1" warnings="0" inconclusive="0" skipped="0" asserts="32" engine-version="3.19.2.0" clr-version="8.0.13" start-time="2025-02-25 23:51:06Z" end-time="2025-02-25 23:51:08Z" duration="1.191512">
  <command-line><![CDATA[C:\PATH\nunit3-console\net8.0\nunit3-console.dll Retry.Tests.dll]]></command-line>
  <test-suite type="Assembly" id="1-1014" name="Retry.Tests.dll" fullname="C:\git\Retry\Retry.Tests\bin\Debug\net8.0\Retry.Tests.dll" runstate="Runnable" testcasecount="12" result="Failed" site="Child" start-time="2025-02-25T23:51:07.0430601Z" end-time="2025-02-25T23:51:08.0966511Z" duration="1.053579" total="12" passed="11" failed="1" warnings="0" inconclusive="0" skipped="0" asserts="32">
    <environment framework-version="4.3.2.0" clr-version="8.0.13" os-version="Microsoft Windows 10.0.26100" platform="Win32NT" cwd="C:\git\Retry\Retry.Tests\bin\Debug\net8.0" machine-name="DESKTOP" user="lyndy" user-domain="DESKTOP" culture="en-GB" uiculture="en-GB" os-architecture="x64" />
    <settings>
      <setting name="DisposeRunners" value="True" />
      <setting name="WorkDirectory" value="C:\git\Retry\Retry.Tests\bin\Debug\net8.0" />
      <setting name="NumberOfTestWorkers" value="16" />
    </settings>
    <properties>
      <property name="ParallelScope" value="All" />
      <property name="_PID" value="113988" />
      <property name="_APPDOMAIN" value="nunit3-console" />
    </properties>
    <failure>
      <message><![CDATA[One or more child tests had errors]]></message>
    </failure>
    <test-suite type="TestSuite" id="1-1015" name="Retry" fullname="Retry" runstate="Runnable" testcasecount="12" result="Failed" site="Child" start-time="2025-02-25T23:51:07.0451065Z" end-time="2025-02-25T23:51:08.0966471Z" duration="1.051540" total="12" passed="11" failed="1" warnings="0" inconclusive="0" skipped="0" asserts="32">
      <failure>
        <message><![CDATA[One or more child tests had errors]]></message>
      </failure>
      <test-suite type="TestSuite" id="1-1016" name="Tests" fullname="Retry.Tests" runstate="Runnable" testcasecount="12" result="Failed" site="Child" start-time="2025-02-25T23:51:07.0452125Z" end-time="2025-02-25T23:51:08.0966427Z" duration="1.051430" total="12" passed="11" failed="1" warnings="0" inconclusive="0" skipped="0" asserts="32">
        <failure>
          <message><![CDATA[One or more child tests had errors]]></message>
        </failure>
        <test-suite type="TestFixture" id="1-1000" name="RetryConstructorTests" fullname="Retry.Tests.RetryConstructorTests" classname="Retry.Tests.RetryConstructorTests" runstate="Runnable" testcasecount="6" result="Passed" start-time="2025-02-25T23:51:07.0452466Z" end-time="2025-02-25T23:51:07.0527956Z" duration="0.007549" total="6" passed="6" failed="0" warnings="0" inconclusive="0" skipped="0" asserts="16">
          <test-case id="1-1001" name="Constructor_ValidParameters_ReturnsRetry" fullname="Retry.Tests.RetryConstructorTests.Constructor_ValidParameters_ReturnsRetry" methodname="Constructor_ValidParameters_ReturnsRetry" classname="Retry.Tests.RetryConstructorTests" runstate="Runnable" seed="875491734" result="Passed" start-time="2025-02-25T23:51:07.0463676Z" end-time="2025-02-25T23:51:07.0509700Z" duration="0.004627" asserts="1" />
          <test-case id="1-1002" name="Constructor_ZeroMaxWait_ThrowsArgumentException" fullname="Retry.Tests.RetryConstructorTests.Constructor_ZeroMaxWait_ThrowsArgumentException" methodname="Constructor_ZeroMaxWait_ThrowsArgumentException" classname="Retry.Tests.RetryConstructorTests" runstate="Runnable" seed="1564310802" result="Passed" start-time="2025-02-25T23:51:07.0463703Z" end-time="2025-02-25T23:51:07.0523546Z" duration="0.005984" asserts="3" />
          <test-case id="1-1003" name="Constructor_ZeroPollingInterval_ThrowsArgumentException" fullname="Retry.Tests.RetryConstructorTests.Constructor_ZeroPollingInterval_ThrowsArgumentException" methodname="Constructor_ZeroPollingInterval_ThrowsArgumentException" classname="Retry.Tests.RetryConstructorTests" runstate="Runnable" seed="964925840" result="Passed" start-time="2025-02-25T23:51:07.0463783Z" end-time="2025-02-25T23:51:07.0523550Z" duration="0.005977" asserts="3" />
          <test-case id="1-1005" name="Constructor_PollingIntervalGreaterThanMaxWait_ThrowsArgumentException" fullname="Retry.Tests.RetryConstructorTests.Constructor_PollingIntervalGreaterThanMaxWait_ThrowsArgumentException" methodname="Constructor_PollingIntervalGreaterThanMaxWait_ThrowsArgumentException" classname="Retry.Tests.RetryConstructorTests" runstate="Runnable" seed="760375763" result="Passed" start-time="2025-02-25T23:51:07.0463676Z" end-time="2025-02-25T23:51:07.0523547Z" duration="0.005987" asserts="3" />
          <test-case id="1-1006" name="Constructor_NullDateTimeProvider_ThrowsArgumentNullException" fullname="Retry.Tests.RetryConstructorTests.Constructor_NullDateTimeProvider_ThrowsArgumentNullException" methodname="Constructor_NullDateTimeProvider_ThrowsArgumentNullException" classname="Retry.Tests.RetryConstructorTests" runstate="Runnable" seed="633377177" result="Passed" start-time="2025-02-25T23:51:07.0463662Z" end-time="2025-02-25T23:51:07.0523555Z" duration="0.005989" asserts="3" />
          <test-case id="1-1004" name="Constructor_PollingIntervalEqualToMaxWait_ThrowsArgumentException" fullname="Retry.Tests.RetryConstructorTests.Constructor_PollingIntervalEqualToMaxWait_ThrowsArgumentException" methodname="Constructor_PollingIntervalEqualToMaxWait_ThrowsArgumentException" classname="Retry.Tests.RetryConstructorTests" runstate="Runnable" seed="275424240" result="Passed" start-time="2025-02-25T23:51:07.0463672Z" end-time="2025-02-25T23:51:07.0523551Z" duration="0.005988" asserts="3" />
        </test-suite>
        <test-suite type="TestFixture" id="1-1007" name="RetryTests" fullname="Retry.Tests.RetryTests" classname="Retry.Tests.RetryTests" runstate="Runnable" testcasecount="6" result="Failed" site="Child" start-time="2025-02-25T23:51:07.0452475Z" end-time="2025-02-25T23:51:08.0966225Z" duration="1.051375" total="6" passed="5" failed="1" warnings="0" inconclusive="0" skipped="0" asserts="16">
          <failure>
            <message><![CDATA[One or more child tests had errors]]></message>
          </failure>
          <test-case id="1-1012" name="Until_FunctionThrowsExceptionOnlyOnFirstCycle_DoesNotThrow" fullname="Retry.Tests.RetryTests.Until_FunctionThrowsExceptionOnlyOnFirstCycle_DoesNotThrow" methodname="Until_FunctionThrowsExceptionOnlyOnFirstCycle_DoesNotThrow" classname="Retry.Tests.RetryTests" runstate="Runnable" seed="609287759" result="Passed" start-time="2025-02-25T23:51:07.0464054Z" end-time="2025-02-25T23:51:07.1099679Z" duration="0.063563" asserts="1" />
          <test-case id="1-1009" name="Until_FunctionReturnsTrueOnSecondCycle_ExecutesTwice" fullname="Retry.Tests.RetryTests.Until_FunctionReturnsTrueOnSecondCycle_ExecutesTwice" methodname="Until_FunctionReturnsTrueOnSecondCycle_ExecutesTwice" classname="Retry.Tests.RetryTests" runstate="Runnable" seed="1659260245" result="Passed" start-time="2025-02-25T23:51:07.0463925Z" end-time="2025-02-25T23:51:07.1099768Z" duration="0.063585" asserts="1" />
          <test-case id="1-1011" name="Until_FunctionReturnsFalse_ThrowsTimeoutException" fullname="Retry.Tests.RetryTests.Until_FunctionReturnsFalse_ThrowsTimeoutException" methodname="Until_FunctionReturnsFalse_ThrowsTimeoutException" classname="Retry.Tests.RetryTests" runstate="Runnable" seed="489638020" result="Passed" start-time="2025-02-25T23:51:07.0463674Z" end-time="2025-02-25T23:51:07.1104923Z" duration="0.064125" asserts="5" />
          <test-case id="1-1013" name="Until_FunctionThrowsException_ThrowsTimeoutException" fullname="Retry.Tests.RetryTests.Until_FunctionThrowsException_ThrowsTimeoutException" methodname="Until_FunctionThrowsException_ThrowsTimeoutException" classname="Retry.Tests.RetryTests" runstate="Runnable" seed="435859755" result="Passed" start-time="2025-02-25T23:51:07.0463992Z" end-time="2025-02-25T23:51:07.1113147Z" duration="0.064916" asserts="6" />
          <test-case id="1-1008" name="Until_FunctionReturnsTrue_ExecutesOnce" fullname="Retry.Tests.RetryTests.Until_FunctionReturnsTrue_ExecutesOnce" methodname="Until_FunctionReturnsTrue_ExecutesOnce" classname="Retry.Tests.RetryTests" runstate="Runnable" seed="406671491" result="Failed" start-time="2025-02-25T23:51:07.0463940Z" end-time="2025-02-25T23:51:07.1226527Z" duration="0.076259" asserts="1">
            <failure>
              <message><![CDATA[  Assert.That(counter, Is.EqualTo(2))
  Expected: 2
  But was:  1
]]></message>
              <stack-trace><![CDATA[   at Retry.Tests.RetryTests.Until_FunctionReturnsTrue_ExecutesOnce() in C:\git\Retry\Retry.Tests\RetryTests.cs:line 29
]]></stack-trace>
            </failure>
            <assertions>
              <assertion result="Failed">
                <message><![CDATA[  Assert.That(counter, Is.EqualTo(2))
  Expected: 2
  But was:  1
]]></message>
                <stack-trace><![CDATA[   at Retry.Tests.RetryTests.Until_FunctionReturnsTrue_ExecutesOnce() in C:\git\Retry\Retry.Tests\RetryTests.cs:line 29
]]></stack-trace>
              </assertion>
            </assertions>
          </test-case>
          <test-case id="1-1010" name="Until_WithPollingInterval_CorrectlyAwaitsPollingIntervalBeforeSecondCycle" fullname="Retry.Tests.RetryTests.Until_WithPollingInterval_CorrectlyAwaitsPollingIntervalBeforeSecondCycle" methodname="Until_WithPollingInterval_CorrectlyAwaitsPollingIntervalBeforeSecondCycle" classname="Retry.Tests.RetryTests" runstate="Runnable" seed="143493867" result="Passed" start-time="2025-02-25T23:51:07.0464097Z" end-time="2025-02-25T23:51:08.0965103Z" duration="1.050103" asserts="2" />
        </test-suite>
      </test-suite>
    </test-suite>
  </test-suite>
</test-run>